## List of All Dictionaries to be Loaded by OpenOffice.org
## ---------------------------------------------------
## Each Entry in the list have the following space delimited fields
##
## Field 1: Entry Type "DICT" - spellchecking dictionary
##                     "HYPH" - hyphenation dictionary
##                     "THES" - thesaurus files
##
## Field 2: Language code from Locale "en" or "de" or "pt" ...
##
## Field 3: Country Code from Locale "US" or "GB" or "PT"
##
## Field 4: Root name of file(s) "en_US" or "hyph_de" or "th_en_US"
##          (do not add extensions to the name)
##
## This file is automatically updated by update-openoffice-dicts script
##

## !!! BEGIN AUTOMATIC SECTION -- DO NOT CHANGE !!!
## !!! ADD YOUR ADDITIONAL ENTRIES BELOW THIS SECTION !!!
## !!! END AUTOMATIC SECTION -- DO NOT CHANGE !!!


